Starting AssetCooker...
Argument '--shaders' has been deprecated and is no longer used.
XLP cook starting...
G:\Documents\Firaxis ModBuddy\Civilization VI\ARK_WANQING\ARK_WANQING\XLPs\TB.xlp
Opened output file: G:\Documents\My Games\Sid Meier's Civilization VI\Mods\ARK_WANQING\Platforms\MacOS\BLPs/TB.blp    For XLP: 'G:\Documents\Firaxis ModBuddy\Civilization VI\ARK_WANQING\ARK_WANQING\XLPs\TB.xlp'
Could not load digest key: ''.  Using mod key to sign BLP.
Starting 'TB'

****** Log from Geometry: 'DIS_Mbanza_Construction_Base_DECAL' ********
--------------
Geo DIS_Mbanza_Construction_Base_DECAL Mesh Decal_ANC_FadeOut047 : 10 vertices removed by tangent merger.
Load finished for: 'TB' in 0.041 seconds
Asset "DIS_Wanqing" has AttachmentPoint "DIS_Mbanza_Pot_Blue004" on a bone with non-uniform scaling (1.436, 1.436, 1.412) (1/34)
Asset "DIS_Wanqing" has AttachmentPoint "DIS_Mbanza_Pot_Blue003" on a bone with non-uniform scaling (0.961, 0.961, 0.945) (2/36)
Asset "DIS_Wanqing" has AttachmentPoint "DIS_Mbanza_Pot_Blue001" on a bone with non-uniform scaling (1.436, 1.436, 1.412) (3/39)
Asset "DIS_Wanqing" has AttachmentPoint "DIS_Mbanza_Pot_Orange001" on a bone with non-uniform scaling (1.436, 1.436, 1.412) (4/51)
Asset "DIS_Wanqing" has AttachmentPoint "DIS_Mbanza_Pot_Blue005" on a bone with non-uniform scaling (1.436, 1.436, 1.412) (5/52)
Asset "DIS_Wanqing" has AttachmentPoint "DIS_Mbanza_Pot_Orange002" on a bone with non-uniform scaling (1.436, 1.436, 1.412) (6/53)
Asset "DIS_Wanqing" has AttachmentPoint "DIS_Mbanza_Pot_Blue006" on a bone with non-uniform scaling (1.436, 1.436, 1.412) (7/55)
Asset "DIS_Wanqing" has AttachmentPoint "DIS_Mbanza_Pot_Blue007" on a bone with non-uniform scaling (1.436, 1.436, 1.412) (8/56)
Asset "DIS_Wanqing" has AttachmentPoint "DIS_Mbanza_Pot_Orange003" on a bone with non-uniform scaling (1.436, 1.436, 1.412) (9/62)
Asset "DIS_Wanqing" has AttachmentPoint "DIS_Mbanza_Pot_Blue008" on a bone with non-uniform scaling (1.436, 1.436, 1.412) (10/63)
Asset "DIS_Wanqing" has AttachmentPoint "VIL_Tribal_Thatch_Torch_A005" on a bone with non-uniform scaling (0.489, 0.489, 0.200) (11/65)
Asset "DIS_Wanqing" has AttachmentPoint "VIL_Tribal_Thatch_Torch_A003" on a bone with non-uniform scaling (0.489, 0.489, 0.200) (12/66)
Asset "DIS_Wanqing" has AttachmentPoint "VIL_Tribal_Thatch_Torch_A006" on a bone with non-uniform scaling (0.489, 0.489, 0.200) (13/67)
Asset "DIS_Wanqing" has AttachmentPoint "VIL_Tribal_Thatch_Torch_A004" on a bone with non-uniform scaling (0.489, 0.489, 0.200) (14/68)
Asset "DIS_Wanqing" has AttachmentPoint "VIL_Tribal_Thatch_Torch_A002" on a bone with non-uniform scaling (0.489, 0.489, 0.200) (15/69)
Cook finished for: 'TB' in 0.001 seconds
Disk write finished for: 'TB' in 0.099 seconds
Cleanup finished for: 'TB' in 0.001 seconds
XLP cook completed with success.
Cook completed in 0.150 seconds